<?xml version="1.0" encoding="UTF-8"?>
<!-- Generated by org.testng.reporters.JUnitReportReporter -->
<testsuite hostname="DESKTOP-U343DNC" failures="0" tests="1" name="webdrive.DragAndDrop" time="26.478" errors="0" timestamp="2023-01-17T15:27:52 IST" skipped="0">
  <testcase classname="webdrive.DragAndDrop" name="dragemedrop" time="26.478"/>
  <system-out/>
</testsuite> <!-- webdrive.DragAndDrop -->
