<?xml version="1.0" encoding="UTF-8"?>
<!-- Generated by org.testng.reporters.JUnitReportReporter -->
<testsuite hostname="DESKTOP-U343DNC" failures="0" tests="1" name="testNG.AutoIT" time="15.371" errors="0" timestamp="2023-01-20T15:58:21 IST" skipped="0">
  <testcase classname="testNG.AutoIT" name="test" time="15.371"/>
  <system-out/>
</testsuite> <!-- testNG.AutoIT -->
