<?xml version="1.0" encoding="UTF-8"?>
<!-- Generated by org.testng.reporters.JUnitReportReporter -->
<testsuite hostname="DESKTOP-U343DNC" failures="0" tests="1" name="webdrive.ActionClass" time="16.817" errors="0" timestamp="2023-01-17T14:48:29 IST" skipped="0">
  <testcase classname="webdrive.ActionClass" name="test" time="16.817"/>
  <system-out/>
</testsuite> <!-- webdrive.ActionClass -->
